1723415517675:h t
1723415541896:loamel
1723415617765:el
1723415623015:i
1723415796070:hello hatem 3
1723415807633:hello
1723447273783:hello world
1723447295325:hello --name hatem --counter 2
1723447304308:history
1723447375865:tt
1723447384190:es
1723447396211:t
1723447504157:hello
1723447507369:test
1723447707663:hello
1723447712015:help
1723447715108:test
1723447731229:version
1723448056817:hello
1723448310207:hello --name hatem --counter 7
1723452186466:hello
1723452227434:hello --name hatem --counter 12
